<?xml version="1.0" encoding="UTF-8"?>
<!-- Generated by org.testng.reporters.JUnitXMLReporter -->
<testsuite ignored="12" hostname="BT1704430" failures="0" tests="3" name="Default test" time="4.77" errors="0" timestamp="2026-06-08T02:53:43 IST">
  <testcase classname="tests.collectionTests" name="createMultipleObjects" time="3.225"/>
  <testcase classname="tests.collectionTests" name="createMultipleObjects" time="0.342"/>
  <testcase classname="tests.collectionTests" name="createMultipleObjects" time="0.404"/>
  <testcase classname="tests.collectionTests" name="updateCreatedObject" time="0.0">
    <ignored/>
  </testcase> <!-- updateCreatedObject -->
  <testcase classname="tests.collectionTests" name="verifyObjectDeleted" time="0.0">
    <ignored/>
  </testcase> <!-- verifyObjectDeleted -->
  <testcase classname="tests.collectionTests" name="basicTest" time="0.0">
    <ignored/>
  </testcase> <!-- basicTest -->
  <testcase classname="tests.collectionTests" name="getCollectionsUsingResponse" time="0.0">
    <ignored/>
  </testcase> <!-- getCollectionsUsingResponse -->
  <testcase classname="tests.collectionTests" name="getCollections" time="0.0">
    <ignored/>
  </testcase> <!-- getCollections -->
  <testcase classname="tests.collectionTests" name="getCreatedObject" time="0.0">
    <ignored/>
  </testcase> <!-- getCreatedObject -->
  <testcase classname="tests.collectionTests" name="getObjectsFromCollectionWithLimit" time="0.0">
    <ignored/>
  </testcase> <!-- getObjectsFromCollectionWithLimit -->
  <testcase classname="tests.collectionTests" name="createObjectInCollectionUsingPOJO" time="0.0">
    <ignored/>
  </testcase> <!-- createObjectInCollectionUsingPOJO -->
  <testcase classname="tests.collectionTests" name="getObjectsFromCollections" time="0.0">
    <ignored/>
  </testcase> <!-- getObjectsFromCollections -->
  <testcase classname="tests.collectionTests" name="createObjectInCollection" time="0.0">
    <ignored/>
  </testcase> <!-- createObjectInCollection -->
  <testcase classname="tests.collectionTests" name="verifyCreatedObject" time="0.0">
    <ignored/>
  </testcase> <!-- verifyCreatedObject -->
  <testcase classname="tests.collectionTests" name="deleteObjectById" time="0.0">
    <ignored/>
  </testcase> <!-- deleteObjectById -->
</testsuite> <!-- Default test -->
