<?xml version="1.0" encoding="UTF-8"?>
<testng-results ignored="12" total="15" passed="3" failed="0" skipped="0">
  <reporter-output>
  </reporter-output>
  <suite started-at="2026-06-08T02:53:38 IST" name="Default suite" finished-at="2026-06-08T02:53:43 IST" duration-ms="4770">
    <groups>
    </groups>
    <test started-at="2026-06-08T02:53:38 IST" name="Default test" finished-at="2026-06-08T02:53:43 IST" duration-ms="4770">
      <class name="tests.collectionTests">
        <test-method is-config="true" signature="setup()[pri:0, instance:tests.collectionTests@443118b0]" started-at="2026-06-08T02:53:38 IST" name="setup" finished-at="2026-06-08T02:53:39 IST" duration-ms="696" status="PASS">
          <reporter-output>
          </reporter-output>
        </test-method> <!-- setup -->
        <test-method signature="createMultipleObjects(java.lang.String,int,int)[pri:0, instance:tests.collectionTests@443118b0]" started-at="2026-06-08T02:53:39 IST" name="createMultipleObjects" data-provider="productData" finished-at="2026-06-08T02:53:42 IST" duration-ms="3225" status="PASS">
          <params>
            <param index="0">
              <value>
                <![CDATA[Laptop]]>
              </value>
            </param>
            <param index="1">
              <value>
                <![CDATA[2026]]>
              </value>
            </param>
            <param index="2">
              <value>
                <![CDATA[10000]]>
              </value>
            </param>
          </params>
          <reporter-output>
          </reporter-output>
        </test-method> <!-- createMultipleObjects -->
        <test-method signature="createMultipleObjects(java.lang.String,int,int)[pri:0, instance:tests.collectionTests@443118b0]" started-at="2026-06-08T02:53:42 IST" name="createMultipleObjects" data-provider="productData" finished-at="2026-06-08T02:53:43 IST" duration-ms="342" status="PASS">
          <params>
            <param index="0">
              <value>
                <![CDATA[Mobile]]>
              </value>
            </param>
            <param index="1">
              <value>
                <![CDATA[2027]]>
              </value>
            </param>
            <param index="2">
              <value>
                <![CDATA[20000]]>
              </value>
            </param>
          </params>
          <reporter-output>
          </reporter-output>
        </test-method> <!-- createMultipleObjects -->
        <test-method signature="createMultipleObjects(java.lang.String,int,int)[pri:0, instance:tests.collectionTests@443118b0]" started-at="2026-06-08T02:53:43 IST" name="createMultipleObjects" data-provider="productData" finished-at="2026-06-08T02:53:43 IST" duration-ms="404" status="PASS">
          <params>
            <param index="0">
              <value>
                <![CDATA[Tablet]]>
              </value>
            </param>
            <param index="1">
              <value>
                <![CDATA[2028]]>
              </value>
            </param>
            <param index="2">
              <value>
                <![CDATA[30000]]>
              </value>
            </param>
          </params>
          <reporter-output>
          </reporter-output>
        </test-method> <!-- createMultipleObjects -->
      </class> <!-- tests.collectionTests -->
    </test> <!-- Default test -->
  </suite> <!-- Default suite -->
</testng-results>
