<?xml version="1.0" encoding="UTF-8"?>
<!-- Generated by org.testng.reporters.JUnitReportReporter -->
<testsuite hostname="BT1704430" failures="0" tests="3" name="tests.collectionTests" time="3.971" errors="0" timestamp="2026-06-08T02:53:44 IST" skipped="0">
  <testcase classname="tests.collectionTests" name="createMultipleObjects" time="3.225"/>
  <testcase classname="tests.collectionTests" name="createMultipleObjects" time="0.342"/>
  <testcase classname="tests.collectionTests" name="createMultipleObjects" time="0.404"/>
</testsuite> <!-- tests.collectionTests -->
